<?xml version="1.1" encoding="UTF-8"?>
<testsuite name="com.wakaleo.gameoflife.hamcrest.WhenIUseMyCustomHamcrestMatchers" tests="2" failures="0" errors="0" timestamp="2014-01-10T01:36:05" hostname="cor720" time="0.003">
  <properties/>
  <testcase name="thehasSizeMatcherShouldMatchACollectionWithExpectedSize" classname="com.wakaleo.gameoflife.hamcrest.WhenIUseMyCustomHamcrestMatchers" time="0.002"/>
  <testcase name="weCanUseCustomMatchersWithOtherMatchers" classname="com.wakaleo.gameoflife.hamcrest.WhenIUseMyCustomHamcrestMatchers" time="0.001"/>
  <system-out><![CDATA[]]></system-out>
  <system-err><![CDATA[]]></system-err>
</testsuite>
