<?xml version="1.1" encoding="UTF-8"?>
<testsuite name="com.wakaleo.gameoflife.domain.WhenYouCreateACell" tests="6" failures="0" errors="0" timestamp="2014-01-09T23:22:29" hostname="cor720" time="0.009">
  <properties/>
  <testcase name="aLiveCellShouldBeRepresentedByAnAsterisk" classname="com.wakaleo.gameoflife.domain.WhenYouCreateACell" time="0.004"/>
  <testcase name="aDeadCellShouldBeRepresentedByADot" classname="com.wakaleo.gameoflife.domain.WhenYouCreateACell" time="0.001"/>
  <testcase name="aLiveCellShouldBePrintedAsAnAsterisk" classname="com.wakaleo.gameoflife.domain.WhenYouCreateACell" time="0.0"/>
  <testcase name="aDeadCellShouldBePrintedAsADot" classname="com.wakaleo.gameoflife.domain.WhenYouCreateACell" time="0.0"/>
  <testcase name="aDeadCellSymbolShouldBeADot" classname="com.wakaleo.gameoflife.domain.WhenYouCreateACell" time="0.0"/>
  <testcase name="aLiveCellSymbolShouldBeAnAsterisk" classname="com.wakaleo.gameoflife.domain.WhenYouCreateACell" time="0.0"/>
  <system-out><![CDATA[]]></system-out>
  <system-err><![CDATA[]]></system-err>
</testsuite>
