<?xml version="1.1" encoding="UTF-8"?>
<testsuite name="com.wakaleo.gameoflife.domain.WhenYouCreateAGrid" tests="16" failures="0" errors="0" timestamp="2014-01-10T01:36:05" hostname="cor720" time="0.033">
  <properties/>
  <testcase name="shouldBeAbleToSeedAGridWithAString" classname="com.wakaleo.gameoflife.domain.WhenYouCreateAGrid" time="0.0"/>
  <testcase name="aNewGridShouldBeEmpty" classname="com.wakaleo.gameoflife.domain.WhenYouCreateAGrid" time="0.0"/>
  <testcase name="shouldBeAbleToSeedAGridWithANonEmptyString" classname="com.wakaleo.gameoflife.domain.WhenYouCreateAGrid" time="0.0"/>
  <testcase name="shouldBeAbleToCountLiveNeighboursOfACell" classname="com.wakaleo.gameoflife.domain.WhenYouCreateAGrid" time="0.0"/>
  <testcase name="shouldBeAbleToCountLiveNeighboursOfACellOnBoundaries" classname="com.wakaleo.gameoflife.domain.WhenYouCreateAGrid" time="0.0"/>
  <testcase name="shouldBeAbleToCountLiveNeighboursOfACellInTheMiddleOfTheGrid" classname="com.wakaleo.gameoflife.domain.WhenYouCreateAGrid" time="0.001"/>
  <testcase name="shouldBeAbleToCountLiveNeighboursOfACellOnAnotherLine" classname="com.wakaleo.gameoflife.domain.WhenYouCreateAGrid" time="0.0"/>
  <testcase name="shouldBeAbleToCountLiveNeighboursOfACellOnDiagonalsAndStraightLines" classname="com.wakaleo.gameoflife.domain.WhenYouCreateAGrid" time="0.0"/>
  <testcase name="shouldNotCountTheTargetCellAsANeighbour" classname="com.wakaleo.gameoflife.domain.WhenYouCreateAGrid" time="0.0"/>
  <testcase name="shouldBeAbleToReadTheStateOfALivingCell" classname="com.wakaleo.gameoflife.domain.WhenYouCreateAGrid" time="0.0"/>
  <testcase name="shouldBeAbleToReadTheStateOfADeadCell" classname="com.wakaleo.gameoflife.domain.WhenYouCreateAGrid" time="0.0"/>
  <testcase name="shouldBeAbleToReadTheWidthOfTheGrid" classname="com.wakaleo.gameoflife.domain.WhenYouCreateAGrid" time="0.0"/>
  <testcase name="shouldBeAbleToReadTheHeightOfTheGrid" classname="com.wakaleo.gameoflife.domain.WhenYouCreateAGrid" time="0.0"/>
  <testcase name="shouldBeAbleToObtainTheGridContentsAsAnArray" classname="com.wakaleo.gameoflife.domain.WhenYouCreateAGrid" time="0.001"/>
  <testcase name="theGridContentsAsAnArrayShouldBeTheCorrectSize" classname="com.wakaleo.gameoflife.domain.WhenYouCreateAGrid" time="0.0"/>
  <testcase name="ModifyingTheGridContentsAsAnArrayShouldNotModifyTheOriginalContents" classname="com.wakaleo.gameoflife.domain.WhenYouCreateAGrid" time="0.0"/>
  <system-out><![CDATA[]]></system-out>
  <system-err><![CDATA[]]></system-err>
</testsuite>
