<?xml version="1.1" encoding="UTF-8"?>
<testsuite name="com.wakaleo.gameoflife.domain.WhenYouPrintAGrid" tests="3" failures="0" errors="0" timestamp="2014-01-10T01:36:05" hostname="cor720" time="0.003">
  <properties/>
  <testcase name="shouldBeAbleToReadAStringGridContainingLiveAndDeadCells" classname="com.wakaleo.gameoflife.domain.WhenYouPrintAGrid" time="0.002"/>
  <testcase name="shouldBeAbleToReadALargeStringGridContainingLiveAndDeadCells" classname="com.wakaleo.gameoflife.domain.WhenYouPrintAGrid" time="0.0"/>
  <testcase name="shouldBeAbleToReadAGridOfCellsFromAString" classname="com.wakaleo.gameoflife.domain.WhenYouPrintAGrid" time="0.0"/>
  <system-out><![CDATA[]]></system-out>
  <system-err><![CDATA[]]></system-err>
</testsuite>
