<?xml version="1.1" encoding="UTF-8"?>
<testsuite name="com.wakaleo.gameoflife.domain.WhenYouReadAGridFromAString" tests="8" failures="0" errors="0" timestamp="2014-01-10T01:36:05" hostname="cor720" time="0.004">
  <properties/>
  <testcase name="shouldBeAbleToReadAGridOfCellsFromAString" classname="com.wakaleo.gameoflife.domain.WhenYouReadAGridFromAString" time="0.0"/>
  <testcase name="shouldBeAbleToReadAnEmptyGridOfCellsFromAnEmptyString" classname="com.wakaleo.gameoflife.domain.WhenYouReadAGridFromAString" time="0.0"/>
  <testcase name="shouldBeAbleToReadAGridContainingASingleCellFromAString" classname="com.wakaleo.gameoflife.domain.WhenYouReadAGridFromAString" time="0.0"/>
  <testcase name="shouldRefuseIllegalCellCharacters" classname="com.wakaleo.gameoflife.domain.WhenYouReadAGridFromAString" time="0.0"/>
  <testcase name="shouldBeAbleToReadAGridContainingLiveAndDeadCells" classname="com.wakaleo.gameoflife.domain.WhenYouReadAGridFromAString" time="0.0"/>
  <testcase name="shouldBeAbleToReadAnAsymetricalGridContainingLiveAndDeadCells" classname="com.wakaleo.gameoflife.domain.WhenYouReadAGridFromAString" time="0.0"/>
  <testcase name="shouldBeAbleToReadALargerGrid" classname="com.wakaleo.gameoflife.domain.WhenYouReadAGridFromAString" time="0.001"/>
  <testcase name="shouldBeAbleToReadAVeryLargerGrid" classname="com.wakaleo.gameoflife.domain.WhenYouReadAGridFromAString" time="0.0"/>
  <system-out><![CDATA[]]></system-out>
  <system-err><![CDATA[]]></system-err>
</testsuite>
