<?xml version="1.1" encoding="UTF-8"?>
<testsuite name="com.wakaleo.gameoflife.domain.WhenYouPlayTheGameOfLife" tests="5" failures="0" errors="0" timestamp="2014-01-10T01:36:05" hostname="cor720" time="0.003">
  <properties/>
  <testcase name="aDeadCellWithNoNeighboursShouldRemainDeadInTheNextGeneration" classname="com.wakaleo.gameoflife.domain.WhenYouPlayTheGameOfLife" time="0.0"/>
  <testcase name="aDeadCellWithOneLiveNeighbourShouldRemainDeadInTheNextGeneration" classname="com.wakaleo.gameoflife.domain.WhenYouPlayTheGameOfLife" time="0.0"/>
  <testcase name="liveCellaWith2or3iveNeighbourShouldRemainAliveInTheNextGeneration" classname="com.wakaleo.gameoflife.domain.WhenYouPlayTheGameOfLife" time="0.0"/>
  <testcase name="aLiveCellWithExactlyTwoLiveNeighbourShouldRemainAliveInTheNextGeneration" classname="com.wakaleo.gameoflife.domain.WhenYouPlayTheGameOfLife" time="0.0"/>
  <testcase name="aCellWithNoNeighboursShouldDieInTheNextGeneration" classname="com.wakaleo.gameoflife.domain.WhenYouPlayTheGameOfLife" time="0.001"/>
  <system-out><![CDATA[]]></system-out>
  <system-err><![CDATA[]]></system-err>
</testsuite>
